<?xml version="1.0" encoding="UTF-8"?>
<!-- Generated by org.testng.reporters.JUnitReportReporter -->
<testsuite hostname="DESKTOP-ITCLR6C" failures="0" tests="1" name="NewTestCases" time="2.763" errors="0" timestamp="2022-07-22T12:18:01 IST" skipped="0">
  <testcase classname="NewTestCases" name="returnNumber" time="2.763"/>
  <system-out/>
</testsuite> <!-- NewTestCases -->
